<?xml version="1.0" encoding="UTF-8"?>
<testsuite xmlns:xsi="http://www.w3.org/2001/XMLSchema-instance" xsi:noNamespaceSchemaLocation="https://maven.apache.org/surefire/maven-surefire-plugin/xsd/surefire-test-report.xsd" version="3.0.2" name="com.example.TvojGrad.TvojGradApplicationTests" time="2.257" tests="1" errors="0" skipped="0" failures="0" flakes="0">
  <properties>
[...]
</properties>
  <testcase name="contextLoads" classname="com.example.TvojGrad.TvojGradApplicationTests" time="0.902">
    <system-out><![CDATA[15:30:10.784 [main] INFO org.springframework.test.context.support.AnnotationConfigContextLoaderUtils -- Could not detect default configuration classes for test class [com.example.TvojGrad.TvojGradApplicationTests]: TvojGradApplicationTests does not declare any static, non-private, non-final, nested classes annotated with @Configuration.
15:30:10.908 [main] INFO org.springframework.boot.test.context.SpringBootTestContextBootstrapper -- Found @SpringBootConfiguration com.example.TvojGrad.TvojGradApplication for test class com.example.TvojGrad.TvojGradApplicationTests

  .   ____          _            __ _ _
 /\\ / ___'_ __ _ _(_)_ __  __ _ \ \ \ \
( ( )\___ | '_ | '_| | '_ \/ _` | \ \ \ \
 \\/  ___)| |_)| | | | | || (_| |  ) ) ) )
  '  |____| .__|_| |_|_| |_\__, | / / / /
 =========|_|==============|___/=/_/_/_/

 :: Spring Boot ::               (v3.5.13)

2026-03-28T15:30:11.435+01:00  INFO 4144 --- [TvojGrad] [           main] c.e.TvojGrad.TvojGradApplicationTests    : Starting TvojGradApplicationTests using Java 21.0.10 with PID 4144 (started by User in C:\Users\User\OneDrive\Desktop\TvojGrad)
2026-03-28T15:30:11.436+01:00  INFO 4144 --- [TvojGrad] [           main] c.e.TvojGrad.TvojGradApplicationTests    : No active profile set, falling back to 1 default profile: "default"
2026-03-28T15:30:11.953+01:00  INFO 4144 --- [TvojGrad] [           main] c.e.TvojGrad.TvojGradApplicationTests    : Started TvojGradApplicationTests in 0.875 seconds (process running for 1.948)
]]></system-out>
    <system-err><![CDATA[Mockito is currently self-attaching to enable the inline-mock-maker. This will no longer work in future releases of the JDK. Please add Mockito as an agent to your build as described in Mockito's documentation: https://javadoc.io/doc/org.mockito/mockito-core/latest/org.mockito/org/mockito/Mockito.html#0.3
WARNING: A Java agent has been loaded dynamically (C:\Users\User\.m2\repository\net\bytebuddy\byte-buddy-agent\1.17.8\byte-buddy-agent-1.17.8.jar)
WARNING: If a serviceability tool is in use, please run with -XX:+EnableDynamicAgentLoading to hide this warning
WARNING: If a serviceability tool is not in use, please run with -Djdk.instrument.traceUsage for more information
WARNING: Dynamic loading of agents will be disallowed by default in a future release
]]></system-err>
  </testcase>
</testsuite>